2020-03-09 15:09:56,809 INFO [main] h.j.v.g.glavna [glavna.java:38] Pocinje program
2020-03-09 15:09:59,997 INFO [main] h.j.v.g.glavna [glavna.java:93] Korisnici odabrani
2020-03-09 15:10:02,813 INFO [main] h.j.v.g.glavna [glavna.java:178] Kategorije i artikli odabrani
2020-03-09 15:10:04,302 INFO [main] h.j.v.g.glavna [glavna.java:221] Prodaje unesene
2020-03-09 15:10:04,306 INFO [main] h.j.v.g.glavna [glavna.java:67] Kraj programa
2020-03-09 15:10:33,099 INFO [main] h.j.v.g.glavna [glavna.java:38] Pocinje program
2020-03-09 15:10:36,918 INFO [main] h.j.v.g.glavna [glavna.java:93] Korisnici odabrani
2020-03-09 15:10:42,592 INFO [main] h.j.v.g.glavna [glavna.java:178] Kategorije i artikli odabrani
2020-03-09 15:10:44,295 INFO [main] h.j.v.g.glavna [glavna.java:221] Prodaje unesene
2020-03-09 15:10:44,303 INFO [main] h.j.v.g.glavna [glavna.java:67] Kraj programa
2020-03-09 15:10:47,150 INFO [main] h.j.v.g.glavna [glavna.java:38] Pocinje program
2020-03-09 15:10:49,920 INFO [main] h.j.v.g.glavna [glavna.java:93] Korisnici odabrani
2020-03-09 15:10:57,444 INFO [main] h.j.v.g.glavna [glavna.java:178] Kategorije i artikli odabrani
2020-03-09 15:11:03,010 INFO [main] h.j.v.g.glavna [glavna.java:221] Prodaje unesene
2020-03-09 15:11:03,018 INFO [main] h.j.v.g.glavna [glavna.java:67] Kraj programa
2020-03-09 15:11:15,682 INFO [main] h.j.v.g.glavna [glavna.java:38] Pocinje program
2020-03-09 15:11:19,803 INFO [main] h.j.v.g.glavna [glavna.java:93] Korisnici odabrani
2020-03-09 15:11:26,579 INFO [main] h.j.v.g.glavna [glavna.java:178] Kategorije i artikli odabrani
2020-03-09 15:11:28,909 INFO [main] h.j.v.g.glavna [glavna.java:221] Prodaje unesene
2020-03-09 15:11:28,917 INFO [main] h.j.v.g.glavna [glavna.java:67] Kraj programa
2020-03-09 15:11:44,675 INFO [main] h.j.v.g.glavna [glavna.java:38] Pocinje program
2020-03-09 15:11:50,998 INFO [main] h.j.v.g.glavna [glavna.java:93] Korisnici odabrani
2020-03-09 15:12:14,637 INFO [main] h.j.v.g.glavna [glavna.java:178] Kategorije i artikli odabrani
2020-03-09 15:12:17,326 INFO [main] h.j.v.g.glavna [glavna.java:221] Prodaje unesene
2020-03-09 15:12:17,332 INFO [main] h.j.v.g.glavna [glavna.java:67] Kraj programa
